<?xml version="1.0" encoding="UTF-8"?>
<testng-results ignored="0" total="2" passed="2" failed="0" skipped="0">
  <reporter-output>
  </reporter-output>
  <suite started-at="2026-02-26T11:00:38 WET" name="Master Suite" finished-at="2026-02-26T11:00:59 WET" duration-ms="21248">
    <groups>
      <group name="Master">
        <method signature="TC002_LoginTest.verify_login()[pri:0, instance:testCases.TC002_LoginTest@2dcd168a]" name="verify_login" class="testCases.TC002_LoginTest"/>
      </group> <!-- Master -->
      <group name="Sanity">
        <method signature="TC002_LoginTest.verify_login()[pri:0, instance:testCases.TC002_LoginTest@2dcd168a]" name="verify_login" class="testCases.TC002_LoginTest"/>
      </group> <!-- Sanity -->
      <group name="Regression">
        <method signature="TC001_AccountRegistrationTest.verify_account_registration()[pri:0, instance:testCases.TC001_AccountRegistrationTest@62ef27a8]" name="verify_account_registration" class="testCases.TC001_AccountRegistrationTest"/>
      </group> <!-- Regression -->
    </groups>
    <test started-at="2026-02-26T11:00:38 WET" name="Test" finished-at="2026-02-26T11:00:59 WET" duration-ms="21248">
      <class name="testCases.TC002_LoginTest">
        <test-method is-config="true" signature="setup(java.lang.String,java.lang.String)[pri:0, instance:testCases.TC002_LoginTest@2dcd168a]" started-at="2026-02-26T11:00:38 WET" name="setup" finished-at="2026-02-26T11:00:48 WET" duration-ms="9188" status="PASS">
          <params>
            <param index="0">
              <value>
                <![CDATA[window]]>
              </value>
            </param>
            <param index="1">
              <value>
                <![CDATA[chrome]]>
              </value>
            </param>
          </params>
          <reporter-output>
          </reporter-output>
        </test-method> <!-- setup -->
        <test-method signature="verify_login()[pri:0, instance:testCases.TC002_LoginTest@2dcd168a]" started-at="2026-02-26T11:00:48 WET" name="verify_login" finished-at="2026-02-26T11:00:50 WET" duration-ms="2488" status="PASS">
          <reporter-output>
          </reporter-output>
        </test-method> <!-- verify_login -->
        <test-method is-config="true" signature="tearDown()[pri:0, instance:testCases.TC002_LoginTest@2dcd168a]" started-at="2026-02-26T11:00:50 WET" name="tearDown" finished-at="2026-02-26T11:00:50 WET" duration-ms="203" status="PASS">
          <reporter-output>
          </reporter-output>
        </test-method> <!-- tearDown -->
      </class> <!-- testCases.TC002_LoginTest -->
      <class name="testCases.TC001_AccountRegistrationTest">
        <test-method is-config="true" signature="setup(java.lang.String,java.lang.String)[pri:0, instance:testCases.TC001_AccountRegistrationTest@62ef27a8]" started-at="2026-02-26T11:00:50 WET" name="setup" finished-at="2026-02-26T11:00:56 WET" duration-ms="5587" status="PASS">
          <params>
            <param index="0">
              <value>
                <![CDATA[window]]>
              </value>
            </param>
            <param index="1">
              <value>
                <![CDATA[chrome]]>
              </value>
            </param>
          </params>
          <reporter-output>
          </reporter-output>
        </test-method> <!-- setup -->
        <test-method signature="verify_account_registration()[pri:0, instance:testCases.TC001_AccountRegistrationTest@62ef27a8]" started-at="2026-02-26T11:00:56 WET" name="verify_account_registration" finished-at="2026-02-26T11:00:59 WET" duration-ms="3209" status="PASS">
          <reporter-output>
          </reporter-output>
        </test-method> <!-- verify_account_registration -->
        <test-method is-config="true" signature="tearDown()[pri:0, instance:testCases.TC001_AccountRegistrationTest@62ef27a8]" started-at="2026-02-26T11:00:59 WET" name="tearDown" finished-at="2026-02-26T11:00:59 WET" duration-ms="251" status="PASS">
          <reporter-output>
          </reporter-output>
        </test-method> <!-- tearDown -->
      </class> <!-- testCases.TC001_AccountRegistrationTest -->
    </test> <!-- Test -->
  </suite> <!-- Master Suite -->
</testng-results>
